2023-08-09T07:30:59.924Z [INFO] [Database] Database connected 🔥 on development mode...
2023-08-09T07:30:59.929Z [INFO] [Bootstrap] Server running 🚀 on port:3232 in development mode...
2023-08-09T07:38:39.644Z [INFO] [Database] Database connected 🔥 on development mode...
2023-08-09T07:38:39.648Z [INFO] [Bootstrap] Server running 🚀 on port:3232 in development mode...
2023-08-09T07:39:49.797Z [INFO] [Database] Database connected 🔥 on development mode...
2023-08-09T07:39:49.801Z [INFO] [Bootstrap] Server running 🚀 on port:3232 in development mode...
2023-08-09T07:41:06.211Z [INFO] [Database] Database connected 🔥 on development mode...
2023-08-09T07:41:06.215Z [INFO] [Bootstrap] Server running 🚀 on port:3232 in development mode...
2023-08-09T07:46:29.660Z [INFO] [Database] Database connected 🔥 on development mode...
2023-08-09T07:46:29.664Z [INFO] [Bootstrap] Server running 🚀 on port:3232 in development mode...
2023-08-09T07:47:18.834Z [INFO] [Database] Database connected 🔥 on development mode...
2023-08-09T07:47:18.841Z [INFO] [Bootstrap] Server running 🚀 on port:3232 in development mode...
2023-08-09T07:47:44.625Z [INFO] [Database] Database connected 🔥 on development mode...
2023-08-09T07:47:44.632Z [INFO] [Bootstrap] Server running 🚀 on port:3232 in development mode...
2023-08-09T07:47:45.314Z [INFO] [Database] Database connected 🔥 on development mode...
2023-08-09T07:47:45.319Z [INFO] [Bootstrap] Server running 🚀 on port:3232 in development mode...
2023-08-09T07:49:24.468Z [INFO] [Database] Database connected on development mode...
2023-08-09T07:49:24.472Z [INFO] [Bootstrap] Server running 🚀 on port:3232 in development mode...
2023-08-09T07:49:30.734Z [INFO] [Database] Database connected on development mode...
2023-08-09T07:49:30.738Z [INFO] [Bootstrap] Server running on port:3232 in development mode...
2023-08-09T07:49:39.738Z [INFO] [Database] Database connected on development mode...
2023-08-09T07:49:39.742Z [INFO] [Bootstrap] Server running on port:3232 in development mode...
2023-08-09T08:07:46.308Z [INFO] [Database] Database connected on development mode...
2023-08-09T08:07:46.312Z [INFO] [Bootstrap] Server running on port:3232 in development mode...
2023-08-09T08:09:04.562Z [INFO] [Database] Database connected on development mode...
2023-08-09T08:09:04.567Z [INFO] [Bootstrap] Server running on port:3232 in development mode...
2023-08-09T08:10:49.077Z [ERROR] 404 - /2 [POST] - Can't find /2 on this server! 
2023-08-09T08:11:31.670Z [INFO] [Database] Database connected on development mode...
2023-08-09T08:11:31.674Z [INFO] [Bootstrap] Server running on port:3232 in development mode...
2023-08-09T08:11:40.716Z [INFO] [Database] Database connected on development mode...
2023-08-09T08:11:40.724Z [INFO] [Bootstrap] Server running on port:3232 in development mode...
2023-08-09T08:11:51.133Z [INFO] [Database] Database connected on development mode...
2023-08-09T08:11:51.138Z [INFO] [Bootstrap] Server running on port:3232 in development mode...
2023-08-09T08:11:59.819Z [INFO] [Database] Database connected on development mode...
2023-08-09T08:11:59.824Z [INFO] [Bootstrap] Server running on port:3232 in development mode...
2023-08-09T08:12:07.258Z [INFO] [Database] Database connected on development mode...
2023-08-09T08:12:07.263Z [INFO] [Bootstrap] Server running on port:3232 in development mode...
2023-08-09T08:12:21.683Z [ERROR] 404 - /create [POST] - Can't find /create on this server! 
2023-08-09T08:13:31.135Z [INFO] [Database] Database connected on development mode...
2023-08-09T08:13:31.139Z [INFO] [Bootstrap] Server running on port:3232 in development mode...
2023-08-09T08:13:41.680Z [INFO] [Database] Database connected on development mode...
2023-08-09T08:13:41.685Z [INFO] [Bootstrap] Server running on port:3232 in development mode...
2023-08-09T08:13:50.647Z [INFO] [Database] Database connected on development mode...
2023-08-09T08:13:50.655Z [INFO] [Bootstrap] Server running on port:3232 in development mode...
2023-08-09T08:13:55.414Z [ERROR] 404 - /create [POST] - Can't find /create on this server! 
2023-08-09T08:14:57.181Z [ERROR] 404 - /create [POST] - Can't find /create on this server! 
2023-08-09T08:15:07.187Z [INFO] [Database] Database connected on development mode...
2023-08-09T08:15:07.192Z [INFO] [Bootstrap] Server running on port:3232 in development mode...
2023-08-09T08:15:10.837Z [ERROR] 404 - /create [POST] - Can't find /create on this server! 
2023-08-09T08:15:45.677Z [INFO] [Database] Database connected on development mode...
2023-08-09T08:15:45.681Z [INFO] [Bootstrap] Server running on port:3232 in development mode...
2023-08-09T08:17:11.519Z [INFO] [Database] Database connected on development mode...
2023-08-09T08:17:11.523Z [INFO] [Bootstrap] Server running on port:3232 in development mode...
2023-08-09T08:17:20.450Z [ERROR] 404 - /create [POST] - Can't find /create on this server! 
2023-08-09T08:17:34.831Z [ERROR] 404 - /create [POST] - Can't find /create on this server! 
2023-08-09T08:18:02.796Z [ERROR] 404 - /create [POST] - Can't find /create on this server! 
2023-08-09T08:18:20.940Z [ERROR] 404 - / [GET] - Can't find / on this server! 
2023-08-09T08:18:31.754Z [ERROR] 404 - /2 [GET] - Can't find /2 on this server! 
2023-08-09T08:18:44.295Z [ERROR] 404 - /signup [POST] - Can't find /signup on this server! 
2023-08-09T08:21:04.011Z [ERROR] 404 - /todo [GET] - Can't find /todo on this server! 
2023-08-09T08:21:11.929Z [ERROR] 404 - /todo/ [GET] - Can't find /todo/ on this server! 
2023-08-09T08:21:38.176Z [ERROR] 404 - /auth [POST] - Can't find /auth on this server! 
2023-08-09T08:22:32.797Z [INFO] [Database] Database connected on development mode...
2023-08-09T08:22:32.802Z [INFO] [Bootstrap] Server running on port:3232 in development mode...
2023-08-09T08:22:47.918Z [INFO] [Database] Database connected on development mode...
2023-08-09T08:22:47.923Z [INFO] [Bootstrap] Server running on port:3232 in development mode...
2023-08-09T09:21:29.138Z [INFO] [Database] Database connected on development mode...
2023-08-09T09:21:29.142Z [INFO] [Bootstrap] Server running on port:3232 in development mode...
2023-08-09T09:21:45.895Z [ERROR] 404 - /todo [GET] - Can't find /todo on this server! 
2023-08-09T09:22:08.939Z [ERROR] 404 - /todo [GET] - Can't find /todo on this server! 
2023-08-09T09:22:41.452Z [INFO] [Database] Database connected on development mode...
2023-08-09T09:22:41.456Z [INFO] [Bootstrap] Server running on port:3232 in development mode...
2023-08-09T09:27:41.367Z [INFO] [Database] Database connected on development mode...
2023-08-09T09:27:41.371Z [INFO] [Bootstrap] Server running on port:3232 in development mode...
2023-08-09T09:28:42.335Z [ERROR] 401 - /api/v1/todo [GET] - Invalid token. Please log in again! 
2023-08-09T09:29:19.832Z [ERROR] 401 - /api/v1/todo [GET] - Invalid token. Please log in again! 
2023-08-09T09:31:39.804Z [ERROR] 404 - /api/v1/todo/create [POST] - User not found! 
2023-08-09T09:31:52.133Z [INFO] [Database] Database connected on development mode...
2023-08-09T09:31:52.138Z [INFO] [Bootstrap] Server running on port:3232 in development mode...
2023-08-09T09:32:02.923Z [ERROR] 404 - /api/v1/todo/create [POST] - User not found! 
2023-08-09T09:32:37.326Z [ERROR] 401 - /api/v1/todo/2 [DELETE] - Invalid token. Please log in again! 
2023-08-09T09:35:41.454Z [INFO] [Database] Database connected on development mode...
2023-08-09T09:35:41.459Z [INFO] [Bootstrap] Server running on port:3232 in development mode...
2023-08-09T09:35:47.286Z [INFO] [Database] Database connected on development mode...
2023-08-09T09:35:47.291Z [INFO] [Bootstrap] Server running on port:3232 in development mode...
2023-08-09T09:36:06.072Z [ERROR] 500 - /api/v1/todo/2 [DELETE] - Cast to ObjectId failed for value "2" (type string) at path "_id" for model "Todo" 
2023-08-09T09:37:36.611Z [INFO] [Database] Database connected on development mode...
2023-08-09T09:37:36.615Z [INFO] [Bootstrap] Server running on port:3232 in development mode...
2023-08-09T09:37:42.205Z [ERROR] 404 - /api/v1/todo/create [POST] - User not found! 
2023-08-09T09:38:05.058Z [INFO] [Database] Database connected on development mode...
2023-08-09T09:38:05.062Z [INFO] [Bootstrap] Server running on port:3232 in development mode...
2023-08-09T09:39:10.594Z [INFO] [Database] Database connected on development mode...
2023-08-09T09:39:10.598Z [INFO] [Bootstrap] Server running on port:3232 in development mode...
2023-08-09T09:42:45.472Z [INFO] [Database] Database connected on development mode...
2023-08-09T09:42:45.476Z [INFO] [Bootstrap] Server running on port:3232 in development mode...
2023-08-09T09:42:59.300Z [INFO] [Database] Database connected on development mode...
2023-08-09T09:42:59.304Z [INFO] [Bootstrap] Server running on port:3232 in development mode...
2023-08-09T09:43:08.598Z [INFO] [Database] Database connected on development mode...
2023-08-09T09:43:08.602Z [INFO] [Bootstrap] Server running on port:3232 in development mode...
2023-08-09T09:43:16.765Z [INFO] [Database] Database connected on development mode...
2023-08-09T09:43:16.769Z [INFO] [Bootstrap] Server running on port:3232 in development mode...
2023-08-09T09:43:22.793Z [ERROR] 500 - /api/v1/todo/create [POST] - todo.save is not a function 
2023-08-09T09:43:34.079Z [INFO] [Database] Database connected on development mode...
2023-08-09T09:43:34.085Z [INFO] [Bootstrap] Server running on port:3232 in development mode...
2023-08-09T09:43:42.556Z [ERROR] 500 - /api/v1/todo/create [POST] - Todo.save is not a function 
2023-08-09T09:44:04.396Z [INFO] [Database] Database connected on development mode...
2023-08-09T09:44:04.401Z [INFO] [Bootstrap] Server running on port:3232 in development mode...
2023-08-09T09:44:16.086Z [INFO] [Database] Database connected on development mode...
2023-08-09T09:44:16.091Z [INFO] [Bootstrap] Server running on port:3232 in development mode...
2023-08-09T09:45:12.268Z [INFO] [Database] Database connected on development mode...
2023-08-09T09:45:12.273Z [INFO] [Bootstrap] Server running on port:3232 in development mode...
2023-08-09T09:46:51.638Z [INFO] [Database] Database connected on development mode...
2023-08-09T09:46:51.642Z [INFO] [Bootstrap] Server running on port:3232 in development mode...
2023-08-09T09:47:13.574Z [INFO] [Database] Database connected on development mode...
2023-08-09T09:47:13.579Z [INFO] [Bootstrap] Server running on port:3232 in development mode...
2023-08-09T09:47:19.573Z [INFO] 200 - /api/v1/todo/create [POST] - 'Todo Created successfully!' 
2023-08-09T09:50:15.761Z [INFO] 200 - /api/v1/todo/ [GET] - 'Fetch users successfully!' 
2023-08-09T09:54:39.135Z [INFO] 200 - /api/v1/todo/64d360a71a20d28aa27edac6 [GET] - 'Fetch user successfully!' 
2023-08-09T09:55:49.912Z [INFO] 200 - /api/v1/todo/64d360a71a20d28aa27edac6 [PUT] - 'Updated user successfully!' 
2023-08-09T09:56:35.129Z [INFO] [Database] Database connected on development mode...
2023-08-09T09:56:35.135Z [INFO] [Bootstrap] Server running on port:3232 in development mode...
2023-08-09T09:56:38.488Z [INFO] [Database] Database connected on development mode...
2023-08-09T09:56:38.492Z [INFO] [Bootstrap] Server running on port:3232 in development mode...
2023-08-09T09:56:44.596Z [INFO] [Database] Database connected on development mode...
2023-08-09T09:56:44.600Z [INFO] [Bootstrap] Server running on port:3232 in development mode...
2023-08-09T09:56:45.894Z [INFO] [Database] Database connected on development mode...
2023-08-09T09:56:45.899Z [INFO] [Bootstrap] Server running on port:3232 in development mode...
2023-08-09T09:56:53.199Z [INFO] [Database] Database connected on development mode...
2023-08-09T09:56:53.206Z [INFO] [Bootstrap] Server running on port:3232 in development mode...
2023-08-09T09:57:00.097Z [INFO] [Database] Database connected on development mode...
2023-08-09T09:57:00.102Z [INFO] [Bootstrap] Server running on port:3232 in development mode...
2023-08-09T09:57:00.990Z [INFO] [Database] Database connected on development mode...
2023-08-09T09:57:00.997Z [INFO] [Bootstrap] Server running on port:3232 in development mode...
2023-08-09T09:58:39.485Z [INFO] [Database] Database connected on development mode...
2023-08-09T09:58:39.490Z [INFO] [Bootstrap] Server running on port:3232 in development mode...
2023-08-09T09:58:47.797Z [INFO] [Database] Database connected on development mode...
2023-08-09T09:58:47.801Z [INFO] [Bootstrap] Server running on port:3232 in development mode...
2023-08-09T09:59:02.918Z [INFO] [Database] Database connected on development mode...
2023-08-09T09:59:02.922Z [INFO] [Bootstrap] Server running on port:3232 in development mode...
2023-08-09T09:59:08.180Z [INFO] 200 - /api/v1/todo/64d360a71a20d28aa27edac6 [PUT] - 'Todo Updated successfully!' 
2023-08-09T09:59:23.897Z [INFO] 200 - /api/v1/todo/64d360a71a20d28aa27edac6 [DELETE] - 'Fetch user successfully!' 
2023-08-09T10:00:02.089Z [ERROR] 404 - /api/v1/todo/64d360a71a20d28aa27edac6 [DELETE] - User not found! 
2023-08-09T10:00:18.957Z [INFO] [Database] Database connected on development mode...
2023-08-09T10:00:18.962Z [INFO] [Bootstrap] Server running on port:3232 in development mode...
2023-08-09T10:00:32.200Z [INFO] [Database] Database connected on development mode...
2023-08-09T10:00:32.204Z [INFO] [Bootstrap] Server running on port:3232 in development mode...
2023-08-09T10:01:58.824Z [INFO] [Database] Database connected on development mode...
2023-08-09T10:01:58.828Z [INFO] [Bootstrap] Server running on port:3232 in development mode...
2023-08-09T10:02:11.635Z [INFO] [Database] Database connected on development mode...
2023-08-09T10:02:11.640Z [INFO] [Bootstrap] Server running on port:3232 in development mode...
2023-08-09T10:02:39.850Z [INFO] [Database] Database connected on development mode...
2023-08-09T10:02:39.855Z [INFO] [Bootstrap] Server running on port:3232 in development mode...
2023-08-09T10:02:47.187Z [INFO] [Database] Database connected on development mode...
2023-08-09T10:02:47.193Z [INFO] [Bootstrap] Server running on port:3232 in development mode...
2023-08-09T10:06:51.856Z [INFO] [Database] Database connected on development mode...
2023-08-09T10:06:51.861Z [INFO] [Bootstrap] Server running on port:3232 in development mode...
2023-08-09T10:07:39.224Z [INFO] [Database] Database connected on development mode...
2023-08-09T10:07:39.230Z [INFO] [Bootstrap] Server running on port:3232 in development mode...
2023-08-09T10:08:09.547Z [INFO] [Database] Database connected on development mode...
2023-08-09T10:08:09.552Z [INFO] [Bootstrap] Server running on port:3232 in development mode...
2023-08-09T10:08:21.939Z [INFO] [Database] Database connected on development mode...
2023-08-09T10:08:21.943Z [INFO] [Bootstrap] Server running on port:3232 in development mode...
2023-08-09T10:08:31.979Z [INFO] [Database] Database connected on development mode...
2023-08-09T10:08:31.983Z [INFO] [Bootstrap] Server running on port:3232 in development mode...
2023-08-09T10:09:05.688Z [INFO] [Database] Database connected on development mode...
2023-08-09T10:09:05.692Z [INFO] [Bootstrap] Server running on port:3232 in development mode...
2023-08-09T10:09:11.395Z [INFO] [Database] Database connected on development mode...
2023-08-09T10:09:11.400Z [INFO] [Bootstrap] Server running on port:3232 in development mode...
2023-08-09T10:09:37.527Z [INFO] [Database] Database connected on development mode...
2023-08-09T10:09:37.532Z [INFO] [Bootstrap] Server running on port:3232 in development mode...
2023-08-09T10:09:51.037Z [INFO] [Database] Database connected on development mode...
2023-08-09T10:09:51.041Z [INFO] [Bootstrap] Server running on port:3232 in development mode...
2023-08-09T10:09:58.887Z [INFO] 200 - /api/v1/todo/create [POST] - 'Todo Created successfully!' 
2023-08-09T10:10:06.800Z [INFO] 200 - /api/v1/todo/ [GET] - 'Fetch Todo successfully!' 
2023-08-09T10:10:14.885Z [INFO] 200 - /api/v1/todo/64d365f679dedb72662113d5 [GET] - 'Fetch Todo successfully!' 
2023-08-09T10:10:53.104Z [INFO] [Database] Database connected on development mode...
2023-08-09T10:10:53.108Z [INFO] [Bootstrap] Server running on port:3232 in development mode...
2023-08-09T10:10:57.350Z [ERROR] 404 - /api/v1/todo/changestatus [PATCH] - Can't find /api/v1/todo/changestatus on this server! 
2023-08-09T10:11:06.392Z [INFO] 200 - /api/v1/todo/changestatus [POST] - 'Todo Status Changed successfully!' 
2023-08-09T10:36:21.862Z [ERROR] 422 - /api/v1/auth/signup [POST] - "firstName" is required 
2023-08-09T10:40:41.846Z [ERROR] 422 - /api/v1/auth/signup [POST] - "firstName" is required 
2023-08-09T10:44:20.901Z [ERROR] 422 - /api/v1/auth/signup [POST] - "firstName" is required 
2023-08-09T10:44:21.941Z [ERROR] 422 - /api/v1/auth/signup [POST] - "firstName" is required 
2023-08-09T10:45:33.029Z [INFO] [Database] Database connected on development mode...
2023-08-09T10:45:33.033Z [INFO] [Bootstrap] Server running on port:3232 in development mode...
2023-08-09T10:45:37.292Z [ERROR] 422 - /api/v1/auth/signup [POST] - "firstName" is required 
2023-08-09T10:46:16.545Z [INFO] [Database] Database connected on development mode...
2023-08-09T10:46:16.550Z [INFO] [Bootstrap] Server running on port:3232 in development mode...
2023-08-09T10:49:42.555Z [ERROR] 500 - /api/v1/auth/signup [POST] - User validation failed: firstName: FirstName is Required, lastName: LastName is Required, email: Email is Required, password: Password is Required 
2023-08-09T10:50:25.326Z [ERROR] 500 - /api/v1/auth/signup [POST] - User validation failed: password: Path `password` (`5455`) is shorter than the minimum allowed length (8). 
2023-08-09T10:50:47.668Z [INFO] [Database] Database connected on development mode...
2023-08-09T10:50:47.674Z [INFO] [Bootstrap] Server running on port:3232 in development mode...
2023-08-09T10:50:51.398Z [ERROR] 422 - /api/v1/auth/signup [POST] - "email" must be a valid email 
2023-08-09T10:51:24.318Z [INFO] 201 - /api/v1/auth/signup [POST] - 'Signup successfully!' 
2023-08-09T10:53:08.693Z [ERROR] 500 - /api/v1/auth/login [POST] - secretOrPrivateKey must have a value 
2023-08-09T10:54:45.243Z [INFO] [Database] Database connected on development mode...
2023-08-09T10:54:45.248Z [INFO] [Bootstrap] Server running on port:3232 in development mode...
2023-08-09T10:55:56.705Z [INFO] [Database] Database connected on development mode...
2023-08-09T10:55:56.709Z [INFO] [Bootstrap] Server running on port:3232 in development mode...
2023-08-09T10:56:03.673Z [ERROR] 500 - /api/v1/auth/login [POST] - option maxAge is invalid 
2023-08-09T10:56:30.172Z [ERROR] 500 - /api/v1/auth/login [POST] - option maxAge is invalid 
2023-08-09T10:58:20.294Z [ERROR] 500 - /api/v1/auth/login [POST] - option maxAge is invalid 
2023-08-09T10:58:22.202Z [ERROR] 500 - /api/v1/auth/login [POST] - option maxAge is invalid 
2023-08-09T10:58:29.279Z [INFO] [Database] Database connected on development mode...
2023-08-09T10:58:29.283Z [INFO] [Bootstrap] Server running on port:3232 in development mode...
2023-08-09T11:00:00.963Z [INFO] [Database] Database connected on development mode...
2023-08-09T11:00:00.967Z [INFO] [Bootstrap] Server running on port:3232 in development mode...
2023-08-09T11:00:05.974Z [INFO] [Database] Database connected on development mode...
2023-08-09T11:00:05.982Z [INFO] [Bootstrap] Server running on port:3232 in development mode...
2023-08-09T11:05:18.243Z [INFO] [Database] Database connected on development mode...
2023-08-09T11:05:18.248Z [INFO] [Bootstrap] Server running on port:3232 in development mode...
2023-08-09T11:05:28.579Z [ERROR] 401 - /api/v1/todo/ [GET] - Invalid token. Please log in again! 
2023-08-09T11:09:55.442Z [INFO] 200 - /api/v1/todo/ [GET] - 'Fetch Todo successfully!' 
2023-08-09T11:10:05.755Z [INFO] 200 - /api/v1/todo/64d365f679dedb72662113d5 [GET] - 'Fetch Todo successfully!' 
2023-08-09T11:10:17.579Z [INFO] 200 - /api/v1/todo/64d365f679dedb72662113d5 [PUT] - 'Todo Updated successfully!' 
2023-08-09T11:10:34.767Z [INFO] 200 - /api/v1/todo/ [GET] - 'Fetch Todo successfully!' 
2023-08-09T11:11:23.766Z [ERROR] 401 - /api/v1/todo/ [GET] - Invalid token. Please log in again! 
2023-08-09T11:12:40.367Z [INFO] [Database] Database connected on development mode...
2023-08-09T11:12:40.372Z [INFO] [Bootstrap] Server running on port:3232 in development mode...
2023-08-09T11:13:40.359Z [INFO] 200 - /api/v1/todo/ [GET] - 'Fetch Todo successfully!' 
2023-08-09T11:14:04.382Z [ERROR] 401 - /api/v1/todo/ [GET] - Your token has expired! Please log in again. 
2023-08-09T11:15:00.290Z [ERROR] 401 - /api/v1/todo/ [GET] - Invalid token. Please log in again! 
2023-08-09T11:39:32.265Z [ERROR] 400 - /api/v1/auth/resetPassword/b07b62572772078da9c6 [PUT] - Invalid token 
2023-08-09T11:39:55.857Z [ERROR] 401 - /api/v1/auth/login [POST] - Invalid credentials 
2023-08-09T12:23:59.988Z [INFO] [Database] Database connected on development mode...
2023-08-09T12:23:59.993Z [INFO] [Bootstrap] Server running on port:3232 in development mode...
2023-08-09T12:26:45.162Z [INFO] [Database] Database connected on development mode...
2023-08-09T12:26:45.165Z [INFO] [Bootstrap] Server running on port:3232 in development mode...
2023-08-09T12:28:36.575Z [INFO] [Database] Database connected on development mode...
2023-08-09T12:28:36.579Z [INFO] [Bootstrap] Server running on port:3232 in development mode...
2023-08-09T12:30:43.025Z [INFO] [Database] Database connected on development mode...
2023-08-09T12:30:43.029Z [INFO] [Bootstrap] Server running on port:3232 in development mode...
2023-08-09T12:33:11.470Z [INFO] [Database] Database connected on development mode...
2023-08-09T12:33:11.474Z [INFO] [Bootstrap] Server running on port:3232 in development mode...
2023-08-09T12:33:29.197Z [INFO] [Database] Database connected on development mode...
2023-08-09T12:33:29.203Z [INFO] [Bootstrap] Server running on port:3232 in development mode...
2023-08-09T12:33:43.971Z [INFO] [Database] Database connected on development mode...
2023-08-09T12:33:43.975Z [INFO] [Bootstrap] Server running on port:3232 in development mode...
2023-08-09T12:35:11.436Z [INFO] [Database] Database connected on development mode...
2023-08-09T12:35:11.440Z [INFO] [Bootstrap] Server running on port:3232 in development mode...
2023-08-09T12:35:35.197Z [INFO] [Database] Database connected on development mode...
2023-08-09T12:35:35.201Z [INFO] [Bootstrap] Server running on port:3232 in development mode...
2023-08-09T12:36:02.902Z [INFO] [Database] Database connected on development mode...
2023-08-09T12:36:02.907Z [INFO] [Bootstrap] Server running on port:3232 in development mode...
2023-08-09T12:36:15.777Z [INFO] [Database] Database connected on development mode...
2023-08-09T12:36:15.781Z [INFO] [Bootstrap] Server running on port:3232 in development mode...
2023-08-09T12:40:28.823Z [INFO] [Database] Database connected on development mode...
2023-08-09T12:40:28.827Z [INFO] [Bootstrap] Server running on port:3232 in development mode...
2023-08-09T13:01:54.360Z [ERROR] [Database] Database not connected: bad auth : authentication failed
2023-08-09T13:20:29.748Z [INFO] [Database] Database connected on development mode...
2023-08-09T13:20:29.752Z [INFO] [Bootstrap] Server running on port:3232 in development mode...
2023-08-09T13:21:16.700Z [INFO] [Database] Database connected on development mode...
2023-08-09T13:21:16.707Z [INFO] [Bootstrap] Server running on port:3232 in development mode...
2023-08-09T13:27:14.905Z [ERROR] [Database] Database not connected: bad auth : authentication failed
2023-08-09T13:30:50.912Z [ERROR] [Database] Database not connected: bad auth : authentication failed
2023-08-10T05:20:20.614Z [ERROR] [Database] Database not connected: bad auth : authentication failed
2023-08-10T05:23:57.786Z [ERROR] [Database] Database not connected: bad auth : authentication failed
2023-08-10T05:43:12.695Z [INFO] [Database] Database connected on development mode...
2023-08-10T05:43:12.701Z [INFO] [Bootstrap] Server running on port:3232 in development mode...
2023-08-10T05:48:02.483Z [ERROR] 401 - /api/v1/todo/create [POST] - Your token has expired! Please log in again. 
2023-08-10T05:48:08.566Z [ERROR] 401 - /api/v1/auth/login [POST] - Invalid credentials 
2023-08-10T05:48:17.352Z [INFO] 201 - /api/v1/auth/signup [POST] - 'Signup successfully!' 
2023-08-10T05:49:42.244Z [ERROR] 401 - /api/v1/auth/login [POST] - Invalid credentials 
2023-08-10T05:50:15.661Z [INFO] 200 - /api/v1/todo/create [POST] - 'Todo Created successfully!' 
2023-08-10T05:50:50.986Z [ERROR] 404 - /api/v1/todo/changestatus [POST] - Todo not found! 
2023-08-10T05:51:46.697Z [ERROR] 401 - /api/v1/todo/ [GET] - Your token has expired! Please log in again. 
2023-08-10T05:52:02.798Z [INFO] 200 - /api/v1/todo/ [GET] - 'Fetch Todo successfully!' 
2023-08-10T05:52:13.853Z [INFO] 200 - /api/v1/todo/changestatus [POST] - 'Todo Status Changed successfully!' 
2023-08-10T05:53:06.405Z [ERROR] 401 - /api/v1/todo/changestatus [POST] - Your token has expired! Please log in again. 
2023-08-10T06:13:32.702Z [INFO] [Database] Database connected on development mode...
2023-08-10T06:13:32.715Z [INFO] [Bootstrap] Server running on port:3232 in development mode...
2023-08-10T06:13:52.522Z [INFO] 200 - /api/v1/todo/create [POST] - 'Todo Created successfully!' 
2023-08-10T06:15:00.587Z [INFO] [Database] Database connected on development mode...
2023-08-10T06:15:00.598Z [INFO] [Bootstrap] Server running on port:3232 in development mode...
2023-08-10T06:15:05.622Z [INFO] [Database] Database connected on development mode...
2023-08-10T06:15:05.654Z [INFO] [Bootstrap] Server running on port:3232 in development mode...
2023-08-10T06:15:22.915Z [INFO] 200 - /api/v1/todo/create [POST] - 'Todo Created successfully!' 
2023-08-10T06:15:47.479Z [INFO] [Database] Database connected on development mode...
2023-08-10T06:15:47.490Z [INFO] [Bootstrap] Server running on port:3232 in development mode...
2023-08-10T06:15:50.383Z [INFO] 200 - /api/v1/todo/create [POST] - 'Todo Created successfully!' 
2023-08-10T06:16:52.173Z [INFO] [Database] Database connected on development mode...
2023-08-10T06:16:52.180Z [INFO] [Bootstrap] Server running on port:3232 in development mode...
2023-08-10T06:26:27.223Z [INFO] [Database] Database connected on development mode...
2023-08-10T06:26:27.229Z [INFO] [Bootstrap] Server running on port:3232 in development mode...
2023-08-10T06:26:32.565Z [INFO] [Database] Database connected on development mode...
2023-08-10T06:26:32.588Z [INFO] [Bootstrap] Server running on port:3232 in development mode...
2023-08-10T06:33:03.905Z [INFO] [Database] Database connected on development mode...
2023-08-10T06:33:03.912Z [INFO] [Bootstrap] Server running on port:3232 in development mode...
2023-08-10T06:34:04.293Z [ERROR] 401 - /api/v1/auth/login [POST] - Invalid credentials 
2023-08-10T06:34:25.110Z [INFO] 201 - /api/v1/auth/signup [POST] - 'Signup successfully!' 
2023-08-10T06:35:48.750Z [INFO] 200 - /api/v1/todo/create [POST] - 'Todo Created successfully!' 
2023-08-10T06:36:45.632Z [INFO] [Database] Database connected on development mode...
2023-08-10T06:36:45.648Z [INFO] [Bootstrap] Server running on port:3232 in development mode...
2023-08-10T06:37:06.611Z [INFO] 200 - /api/v1/todo/create [POST] - 'Todo Created successfully!' 
2023-08-10T06:37:50.265Z [INFO] [Database] Database connected on development mode...
2023-08-10T06:37:50.273Z [INFO] [Bootstrap] Server running on port:3232 in development mode...
2023-08-10T06:38:25.340Z [INFO] 200 - /api/v1/todo/create [POST] - 'Todo Created successfully!' 
2023-08-10T06:39:24.918Z [INFO] [Database] Database connected on development mode...
2023-08-10T06:39:24.933Z [INFO] [Bootstrap] Server running on port:3232 in development mode...
2023-08-10T06:40:02.332Z [INFO] [Database] Database connected on development mode...
2023-08-10T06:40:02.341Z [INFO] [Bootstrap] Server running on port:3232 in development mode...
2023-08-10T06:40:45.956Z [INFO] [Database] Database connected on development mode...
2023-08-10T06:40:45.973Z [INFO] [Bootstrap] Server running on port:3232 in development mode...
2023-08-10T06:41:15.107Z [INFO] 201 - /api/v1/auth/signup [POST] - 'Signup successfully!' 
2023-08-10T06:41:33.290Z [INFO] 200 - /api/v1/todo/create [POST] - 'Todo Created successfully!' 
2023-08-10T06:42:59.716Z [INFO] [Database] Database connected on development mode...
2023-08-10T06:42:59.732Z [INFO] [Bootstrap] Server running on port:3232 in development mode...
2023-08-10T06:47:03.779Z [INFO] [Database] Database connected on development mode...
2023-08-10T06:47:03.791Z [INFO] [Bootstrap] Server running on port:3232 in development mode...
2023-08-10T06:47:47.697Z [INFO] 200 - /api/v1/todo/create [POST] - 'Todo Created successfully!' 
2023-08-10T06:48:27.170Z [INFO] [Database] Database connected on development mode...
2023-08-10T06:48:27.182Z [INFO] [Bootstrap] Server running on port:3232 in development mode...
2023-08-10T06:48:44.183Z [INFO] 200 - /api/v1/todo/create [POST] - 'Todo Created successfully!' 
2023-08-10T06:56:31.522Z [INFO] [Database] Database connected on development mode...
2023-08-10T06:56:31.533Z [INFO] [Bootstrap] Server running on port:3232 in development mode...
2023-08-10T06:56:34.612Z [INFO] [Database] Database connected on development mode...
2023-08-10T06:56:34.626Z [INFO] [Bootstrap] Server running on port:3232 in development mode...
2023-08-10T06:56:46.009Z [INFO] [Database] Database connected on development mode...
2023-08-10T06:56:46.018Z [INFO] [Bootstrap] Server running on port:3232 in development mode...
2023-08-10T06:57:20.394Z [INFO] [Database] Database connected on development mode...
2023-08-10T06:57:20.409Z [INFO] [Bootstrap] Server running on port:3232 in development mode...
2023-08-10T06:57:34.097Z [INFO] [Database] Database connected on development mode...
2023-08-10T06:57:34.110Z [INFO] [Bootstrap] Server running on port:3232 in development mode...
2023-08-10T06:58:21.512Z [ERROR] 500 - /api/v1/todo/create [POST] - Post is not defined 
2023-08-10T06:59:01.438Z [INFO] [Database] Database connected on development mode...
2023-08-10T06:59:01.446Z [INFO] [Bootstrap] Server running on port:3232 in development mode...
2023-08-10T06:59:13.952Z [ERROR] 401 - /api/v1/todo/create [POST] - Your token has expired! Please log in again. 
2023-08-10T06:59:33.414Z [INFO] 200 - /api/v1/todo/create [POST] - 'Todo Created successfully!' 
2023-08-10T07:00:22.877Z [INFO] [Database] Database connected on development mode...
2023-08-10T07:00:22.902Z [INFO] [Bootstrap] Server running on port:3232 in development mode...
2023-08-10T07:00:35.428Z [INFO] 200 - /api/v1/todo/create [POST] - 'Todo Created successfully!' 
2023-08-10T07:04:08.364Z [INFO] [Database] Database connected on development mode...
2023-08-10T07:04:08.380Z [INFO] [Bootstrap] Server running on port:3232 in development mode...
2023-08-10T07:04:37.787Z [INFO] [Database] Database connected on development mode...
2023-08-10T07:04:37.795Z [INFO] [Bootstrap] Server running on port:3232 in development mode...
2023-08-10T07:06:12.898Z [INFO] 200 - /api/v1/todo/ [GET] - 'Fetch Todo successfully!' 
2023-08-10T07:08:28.627Z [INFO] 200 - /api/v1/todo/ [GET] - 'Fetch Todo successfully!' 
2023-08-10T07:17:38.401Z [INFO] [Database] Database connected on development mode...
2023-08-10T07:17:38.410Z [INFO] [Bootstrap] Server running on port:3232 in development mode...
2023-08-10T07:18:12.849Z [INFO] 200 - /api/v1/todo/ [GET] - 'Fetch Todo successfully!' 
2023-08-10T07:18:23.227Z [INFO] 200 - /api/v1/todo/create [POST] - 'Todo Created successfully!' 
2023-08-10T07:18:27.515Z [INFO] 200 - /api/v1/todo/ [GET] - 'Fetch Todo successfully!' 
2023-08-10T07:18:34.711Z [INFO] 200 - /api/v1/todo/create [POST] - 'Todo Created successfully!' 
2023-08-10T07:18:38.981Z [INFO] 200 - /api/v1/todo/ [GET] - 'Fetch Todo successfully!' 
2023-08-10T07:27:30.161Z [INFO] [Database] Database connected on development mode...
2023-08-10T07:27:30.175Z [INFO] [Bootstrap] Server running on port:3232 in development mode...
2023-08-10T07:28:07.176Z [INFO] [Database] Database connected on development mode...
2023-08-10T07:28:07.201Z [INFO] [Bootstrap] Server running on port:3232 in development mode...
2023-08-10T07:31:02.923Z [INFO] [Database] Database connected on development mode...
2023-08-10T07:31:02.937Z [INFO] [Bootstrap] Server running on port:3232 in development mode...
2023-08-10T07:31:14.348Z [INFO] [Database] Database connected on development mode...
2023-08-10T07:31:14.362Z [INFO] [Bootstrap] Server running on port:3232 in development mode...
2023-08-10T07:31:36.075Z [INFO] [Database] Database connected on development mode...
2023-08-10T07:31:36.085Z [INFO] [Bootstrap] Server running on port:3232 in development mode...
2023-08-10T07:31:43.841Z [INFO] 200 - /api/v1/todo/ [GET] - 'Fetch Todo successfully!' 
2023-08-10T07:32:34.829Z [INFO] 200 - /api/v1/todo/create [POST] - 'Todo Created successfully!' 
2023-08-10T07:32:36.872Z [INFO] 200 - /api/v1/todo/create [POST] - 'Todo Created successfully!' 
2023-08-10T07:32:41.350Z [INFO] 200 - /api/v1/todo/ [GET] - 'Fetch Todo successfully!' 
2023-08-10T07:32:57.373Z [INFO] [Database] Database connected on development mode...
2023-08-10T07:32:57.390Z [INFO] [Bootstrap] Server running on port:3232 in development mode...
2023-08-10T07:34:01.672Z [INFO] [Database] Database connected on development mode...
2023-08-10T07:34:01.688Z [INFO] [Bootstrap] Server running on port:3232 in development mode...
2023-08-10T07:34:07.099Z [INFO] 200 - /api/v1/todo/ [GET] - 'Fetch Todo successfully!' 
2023-08-10T07:34:38.829Z [INFO] [Database] Database connected on development mode...
2023-08-10T07:34:38.849Z [INFO] [Bootstrap] Server running on port:3232 in development mode...
2023-08-10T07:34:40.818Z [INFO] 200 - /api/v1/todo/ [GET] - 'Fetch Todo successfully!' 
2023-08-10T07:35:51.155Z [INFO] [Database] Database connected on development mode...
2023-08-10T07:35:51.160Z [INFO] [Bootstrap] Server running on port:3232 in development mode...
2023-08-10T07:35:58.888Z [INFO] [Database] Database connected on development mode...
2023-08-10T07:35:58.896Z [INFO] [Bootstrap] Server running on port:3232 in development mode...
2023-08-10T07:36:02.199Z [INFO] [Database] Database connected on development mode...
2023-08-10T07:36:02.217Z [INFO] [Bootstrap] Server running on port:3232 in development mode...
2023-08-10T07:36:38.490Z [INFO] [Database] Database connected on development mode...
2023-08-10T07:36:38.498Z [INFO] [Bootstrap] Server running on port:3232 in development mode...
2023-08-10T07:36:46.263Z [INFO] 200 - /api/v1/todo/ [GET] - 'Fetch Todo successfully!' 
2023-08-10T07:37:51.632Z [INFO] 200 - /api/v1/todo/changestatus [POST] - 'Todo Status Changed successfully!' 
2023-08-10T07:37:57.311Z [INFO] 200 - /api/v1/todo/ [GET] - 'Fetch Todo successfully!' 
2023-08-10T09:51:49.784Z [INFO] [Database] Database connected on development mode...
2023-08-10T09:51:49.799Z [INFO] [Bootstrap] Server running on port:3232 in development mode...
2023-08-16T07:17:15.001Z [INFO] [Database] Database connected on development mode...
2023-08-16T07:17:15.018Z [INFO] [Bootstrap] Server running on port:3232 in development mode...
2023-08-16T07:18:59.586Z [INFO] [Database] Database connected on development mode...
2023-08-16T07:18:59.600Z [INFO] [Bootstrap] Server running on port:3232 in development mode...
